<?xml version="1.0" encoding="UTF-8"?>
<Site BuildName="(empty)"
	BuildStamp="20241109-0550-Experimental"
	Name="tw017-B650M-PG-Riptide-WiFi"
	Generator="ctest-3.16.3"
	CompilerName="/usr/bin/g++"
	CompilerVersion="9.4.0"
	OSName="Linux"
	Hostname="tw017-B650M-PG-Riptide-WiFi"
	OSRelease="5.15.0-124-generic"
	OSVersion="#134~20.04.1-Ubuntu SMP Tue Oct 1 15:27:33 UTC 2024"
	OSPlatform="x86_64"
	Is64Bits="1"
	VendorString="AuthenticAMD"
	VendorID="Advanced Micro Devices"
	FamilyID="25"
	ModelID="97"
	ProcessorCacheSize="1024"
	NumberOfLogicalCPU="32"
	NumberOfPhysicalCPU="16"
	TotalVirtualMemory="2047"
	TotalPhysicalMemory="63401"
	LogicalProcessorsPerPhysical="2"
	ProcessorClockFrequency="3000"
	>
	<Testing>
		<StartDateTime>Nov 09 14:50 JST</StartDateTime>
		<StartTestTime>1731131430</StartTestTime>
		<TestList/>
		<EndDateTime>Nov 09 14:50 JST</EndDateTime>
		<EndTestTime>1731131430</EndTestTime>
		<ElapsedMinutes>0</ElapsedMinutes>
	</Testing>
</Site>
